app/build/outputs/logs/manifest-merger-debug-report.txt
-- Merging decision tree log ---
manifest
ADDED from src/main/AndroidManifest.xml:2:1-133:12
	xmlns:android
		ADDED from src/main/AndroidManifest.xml:2:11-69
	package
		ADDED from src/main/AndroidManifest.xml:3:5-27
		INJECTED from src/main/AndroidManifest.xml
		INJECTED from src/main/AndroidManifest.xml
	android:versionName
		ADDED from src/main/AndroidManifest.xml:5:5-30
		INJECTED from src/main/AndroidManifest.xml
		INJECTED from src/main/AndroidManifest.xml
	android:versionCode
		ADDED from src/main/AndroidManifest.xml:4:5-28
		INJECTED from src/main/AndroidManifest.xml
		INJECTED from src/main/AndroidManifest.xml
uses-sdk
ADDED from src/main/AndroidManifest.xml:7:5-9:41
MERGED from [com.android.support:appcompat-v7:19.1.0] AndroidManifest.xml:18:5-42
	android:targetSdkVersion
		ADDED from src/main/AndroidManifest.xml:9:9-38
		INJECTED from src/main/AndroidManifest.xml
		INJECTED from src/main/AndroidManifest.xml
	android:minSdkVersion
		ADDED from src/main/AndroidManifest.xml:8:9-35
		INJECTED from src/main/AndroidManifest.xml
		INJECTED from src/main/AndroidManifest.xml
application
ADDED from src/main/AndroidManifest.xml:10:5-115:19
MERGED from [com.android.support:appcompat-v7:19.1.0] AndroidManifest.xml:19:5-20
	android:label
		ADDED from src/main/AndroidManifest.xml:13:9-41
	android:allowBackup
		ADDED from src/main/AndroidManifest.xml:11:9-35
	android:icon
		ADDED from src/main/AndroidManifest.xml:12:9-37
	android:theme
		ADDED from src/main/AndroidManifest.xml:14:9-53
activity#com.gto.bang.navigation.AboutActivity
ADDED from src/main/AndroidManifest.xml:16:9-19:20
	android:label
		ADDED from src/main/AndroidManifest.xml:18:13-46
	android:name
		ADDED from src/main/AndroidManifest.xml:17:13-65
activity#com.gto.bang.navigation.RebackActivity
ADDED from src/main/AndroidManifest.xml:21:9-24:20
	android:label
		ADDED from src/main/AndroidManifest.xml:23:13-46
	android:name
		ADDED from src/main/AndroidManifest.xml:22:13-66
activity#com.gto.bang.home.HMainActivity
ADDED from src/main/AndroidManifest.xml:26:9-29:20
	android:label
		ADDED from src/main/AndroidManifest.xml:28:13-45
	android:name
		ADDED from src/main/AndroidManifest.xml:27:13-59
activity#com.gto.bang.comment.CommentInputActivity
ADDED from src/main/AndroidManifest.xml:31:9-33:60
	android:label
		ADDED from src/main/AndroidManifest.xml:33:13-48
	android:name
		ADDED from src/main/AndroidManifest.xml:32:13-57
activity#com.gto.bang.experience.EMainActivity
ADDED from src/main/AndroidManifest.xml:35:9-37:58
	android:label
		ADDED from src/main/AndroidManifest.xml:37:13-46
	android:name
		ADDED from src/main/AndroidManifest.xml:36:13-53
activity#com.gto.bang.create.CreateMainActivity
ADDED from src/main/AndroidManifest.xml:39:9-41:56
	android:label
		ADDED from src/main/AndroidManifest.xml:41:9-44
	android:name
		ADDED from src/main/AndroidManifest.xml:40:9-50
activity#com.gto.bang.personal.InfoInputActivity
ADDED from src/main/AndroidManifest.xml:51:9-53:64
	android:label
		ADDED from src/main/AndroidManifest.xml:53:13-52
	android:name
		ADDED from src/main/AndroidManifest.xml:52:13-67
activity#com.gto.bang.detail.DetailActivity
ADDED from src/main/AndroidManifest.xml:54:9-56:62
	android:label
		ADDED from src/main/AndroidManifest.xml:56:13-50
	android:name
		ADDED from src/main/AndroidManifest.xml:55:13-62
activity#com.gto.bang.message.MessageActivity
ADDED from src/main/AndroidManifest.xml:57:9-59:63
	android:label
		ADDED from src/main/AndroidManifest.xml:59:13-51
	android:name
		ADDED from src/main/AndroidManifest.xml:58:13-64
activity#com.gto.bang.bangwrite.BangWriteActivity
ADDED from src/main/AndroidManifest.xml:63:9-65:67
	android:label
		ADDED from src/main/AndroidManifest.xml:65:13-55
	android:name
		ADDED from src/main/AndroidManifest.xml:64:13-68
activity#com.gto.bang.register.RegisterActivity
ADDED from src/main/AndroidManifest.xml:67:9-69:64
	android:label
		ADDED from src/main/AndroidManifest.xml:69:13-52
	android:name
		ADDED from src/main/AndroidManifest.xml:68:13-66
activity#com.gto.bang.action.LoginActionActivity
ADDED from src/main/AndroidManifest.xml:70:9-72:61
	android:label
		ADDED from src/main/AndroidManifest.xml:72:13-49
	android:name
		ADDED from src/main/AndroidManifest.xml:71:13-55
activity#com.gto.bang.college.CollegeActivity
ADDED from src/main/AndroidManifest.xml:73:9-76:20
	android:label
		ADDED from src/main/AndroidManifest.xml:75:13-51
	android:name
		ADDED from src/main/AndroidManifest.xml:74:13-64
activity#com.gto.bang.question.QMainActivity
ADDED from src/main/AndroidManifest.xml:77:9-80:20
	android:label
		ADDED from src/main/AndroidManifest.xml:79:13-46
	android:name
		ADDED from src/main/AndroidManifest.xml:78:13-63
activity#com.gto.bang.personal.activity.PMessageActivity
ADDED from src/main/AndroidManifest.xml:82:9-85:20
	android:label
		ADDED from src/main/AndroidManifest.xml:84:13-46
	android:name
		ADDED from src/main/AndroidManifest.xml:83:13-63
activity#com.gto.bang.personal.activity.PExperienceActivity
ADDED from src/main/AndroidManifest.xml:86:9-89:20
	android:label
		ADDED from src/main/AndroidManifest.xml:88:13-46
	android:name
		ADDED from src/main/AndroidManifest.xml:87:13-66
activity#com.gto.bang.personal.activity.PNoticeActivity
ADDED from src/main/AndroidManifest.xml:90:9-93:24
	android:label
		ADDED from src/main/AndroidManifest.xml:92:13-46
	android:name
		ADDED from src/main/AndroidManifest.xml:91:13-62
activity#com.gto.bang.personal.activity.PMainActivity
ADDED from src/main/AndroidManifest.xml:94:9-97:20
	android:label
		ADDED from src/main/AndroidManifest.xml:96:13-46
	android:name
		ADDED from src/main/AndroidManifest.xml:95:13-60
activity#com.gto.bang.personal.activity.PQuestionActivity
ADDED from src/main/AndroidManifest.xml:98:9-101:20
	android:label
		ADDED from src/main/AndroidManifest.xml:100:13-46
	android:name
		ADDED from src/main/AndroidManifest.xml:99:13-64
activity#com.gto.bang.login.LoginActivity
ADDED from src/main/AndroidManifest.xml:103:9-112:20
	android:label
		ADDED from src/main/AndroidManifest.xml:105:13-45
	android:name
		ADDED from src/main/AndroidManifest.xml:104:13-48
intent-filter#android.intent.action.MAIN+android.intent.category.LAUNCHER
ADDED from src/main/AndroidManifest.xml:106:13-109:29
action#android.intent.action.MAIN
ADDED from src/main/AndroidManifest.xml:107:17-69
	android:name
		ADDED from src/main/AndroidManifest.xml:107:25-66
category#android.intent.category.LAUNCHER
ADDED from src/main/AndroidManifest.xml:108:17-77
	android:name
		ADDED from src/main/AndroidManifest.xml:108:27-74
uses-permission#android.permission.INTERNET
ADDED from src/main/AndroidManifest.xml:119:5-67
	android:name
		ADDED from src/main/AndroidManifest.xml:119:22-64
uses-permission#android.permission.RECORD_AUDIO
ADDED from src/main/AndroidManifest.xml:121:5-71
	android:name
		ADDED from src/main/AndroidManifest.xml:121:22-68
uses-permission#android.permission.ACCESS_NETWORK_STATE
ADDED from src/main/AndroidManifest.xml:123:5-79
	android:name
		ADDED from src/main/AndroidManifest.xml:123:22-76
uses-permission#android.permission.ACCESS_WIFI_STATE
ADDED from src/main/AndroidManifest.xml:125:5-76
	android:name
		ADDED from src/main/AndroidManifest.xml:125:22-73
uses-permission#android.permission.CHANGE_NETWORK_STATE
ADDED from src/main/AndroidManifest.xml:127:5-79
	android:name
		ADDED from src/main/AndroidManifest.xml:127:22-76
uses-permission#android.permission.READ_PHONE_STATE
ADDED from src/main/AndroidManifest.xml:129:5-75
	android:name
		ADDED from src/main/AndroidManifest.xml:129:22-72
uses-permission#android.permission.READ_CONTACTS
ADDED from src/main/AndroidManifest.xml:131:5-72
	android:name
		ADDED from src/main/AndroidManifest.xml:131:22-69